[debug] [2025-10-14T01:34:51.037Z] ----------------------------------------------------------------------
[debug] [2025-10-14T01:34:51.040Z] Command:       C:\Program Files\nodejs\node.exe C:\Users\acer\AppData\Roaming\npm\node_modules\firebase-tools\lib\bin\firebase.js serve
[debug] [2025-10-14T01:34:51.040Z] CLI Version:   14.19.1
[debug] [2025-10-14T01:34:51.040Z] Platform:      win32
[debug] [2025-10-14T01:34:51.041Z] Node Version:  v22.20.0
[debug] [2025-10-14T01:34:51.041Z] Time:          Tue Oct 14 2025 08:34:51 GMT+0700 (เวลาอินโดจีน)
[debug] [2025-10-14T01:34:51.041Z] ----------------------------------------------------------------------
[debug] 
[debug] [2025-10-14T01:34:51.044Z] >>> [apiv2][query] GET https://firebase-public.firebaseio.com/cli.json [none]
[debug] [2025-10-14T01:34:51.315Z] > command requires scopes: ["email","openid","https://www.googleapis.com/auth/cloudplatformprojects.readonly","https://www.googleapis.com/auth/firebase","https://www.googleapis.com/auth/cloud-platform"]
[debug] [2025-10-14T01:34:51.315Z] > authorizing via signed-in user (eakarthitx@gmail.com)
[debug] [2025-10-14T01:34:51.315Z] [iam] checking project timetracker-f1e11 for permissions ["firebase.projects.get"]
[debug] [2025-10-14T01:34:51.316Z] Checked if tokens are valid: false, expires at: 1760081539823
[debug] [2025-10-14T01:34:51.316Z] Checked if tokens are valid: false, expires at: 1760081539823
[debug] [2025-10-14T01:34:51.317Z] > refreshing access token with scopes: []
[debug] [2025-10-14T01:34:51.318Z] >>> [apiv2][query] POST https://www.googleapis.com/oauth2/v3/token [none]
[debug] [2025-10-14T01:34:51.318Z] >>> [apiv2][body] POST https://www.googleapis.com/oauth2/v3/token [omitted]
[debug] [2025-10-14T01:34:51.447Z] <<< [apiv2][status] POST https://www.googleapis.com/oauth2/v3/token 200
[debug] [2025-10-14T01:34:51.447Z] <<< [apiv2][body] POST https://www.googleapis.com/oauth2/v3/token [omitted]
[debug] [2025-10-14T01:34:51.454Z] >>> [apiv2][query] POST https://cloudresourcemanager.googleapis.com/v1/projects/timetracker-f1e11:testIamPermissions [none]
[debug] [2025-10-14T01:34:51.454Z] >>> [apiv2][(partial)header] POST https://cloudresourcemanager.googleapis.com/v1/projects/timetracker-f1e11:testIamPermissions x-goog-quota-user=projects/timetracker-f1e11
[debug] [2025-10-14T01:34:51.454Z] >>> [apiv2][body] POST https://cloudresourcemanager.googleapis.com/v1/projects/timetracker-f1e11:testIamPermissions {"permissions":["firebase.projects.get"]}
[debug] [2025-10-14T01:34:51.864Z] <<< [apiv2][status] GET https://firebase-public.firebaseio.com/cli.json 200
[debug] [2025-10-14T01:34:51.864Z] <<< [apiv2][body] GET https://firebase-public.firebaseio.com/cli.json {"cloudBuildErrorAfter":1594252800000,"cloudBuildWarnAfter":1590019200000,"defaultNode10After":1594252800000,"minVersion":"3.0.5","node8DeploysDisabledAfter":1613390400000,"node8RuntimeDisabledAfter":1615809600000,"node8WarnAfter":1600128000000}
[debug] [2025-10-14T01:34:52.683Z] <<< [apiv2][status] POST https://cloudresourcemanager.googleapis.com/v1/projects/timetracker-f1e11:testIamPermissions 200
[debug] [2025-10-14T01:34:52.684Z] <<< [apiv2][body] POST https://cloudresourcemanager.googleapis.com/v1/projects/timetracker-f1e11:testIamPermissions {"permissions":["firebase.projects.get"]}
[debug] [2025-10-14T01:34:52.685Z] Checked if tokens are valid: true, expires at: 1760409290448
[debug] [2025-10-14T01:34:52.685Z] Checked if tokens are valid: true, expires at: 1760409290448
[debug] [2025-10-14T01:34:52.685Z] >>> [apiv2][query] GET https://cloudresourcemanager.googleapis.com/v1/projects/timetracker-f1e11 [none]
[debug] [2025-10-14T01:34:52.980Z] <<< [apiv2][status] GET https://cloudresourcemanager.googleapis.com/v1/projects/timetracker-f1e11 200
[debug] [2025-10-14T01:34:52.980Z] <<< [apiv2][body] GET https://cloudresourcemanager.googleapis.com/v1/projects/timetracker-f1e11 {"projectNumber":"470557940763","projectId":"timetracker-f1e11","lifecycleState":"ACTIVE","name":"TimeTracker","labels":{"firebase":"enabled","firebase-core":"disabled"},"createTime":"2025-10-09T07:43:45.558454Z"}
[info] 
[info] === Serving from 'C:\Users\acer\TimeTracker'...
[info] 
[debug] [2025-10-14T01:34:52.982Z] Checked if tokens are valid: true, expires at: 1760409290448
[debug] [2025-10-14T01:34:52.982Z] Checked if tokens are valid: true, expires at: 1760409290448
[debug] [2025-10-14T01:34:52.983Z] >>> [apiv2][query] GET https://firebasehosting.googleapis.com/v1beta1/projects/timetracker-f1e11/sites 
[debug] [2025-10-14T01:34:53.915Z] <<< [apiv2][status] GET https://firebasehosting.googleapis.com/v1beta1/projects/timetracker-f1e11/sites 200
[debug] [2025-10-14T01:34:53.915Z] <<< [apiv2][body] GET https://firebasehosting.googleapis.com/v1beta1/projects/timetracker-f1e11/sites {"sites":[{"name":"projects/timetracker-f1e11/sites/timetracker-f1e11","defaultUrl":"https://timetracker-f1e11.web.app","appId":"1:470557940763:web:6de43b02b5ba42fe46acbe","type":"DEFAULT_SITE"}]}
[debug] [2025-10-14T01:34:53.915Z] Checked if tokens are valid: true, expires at: 1760409290448
[debug] [2025-10-14T01:34:53.915Z] Checked if tokens are valid: true, expires at: 1760409290448
[debug] [2025-10-14T01:34:53.916Z] >>> [apiv2][query] GET https://firebase.googleapis.com/v1beta1/projects/timetracker-f1e11/webApps/1:470557940763:web:6de43b02b5ba42fe46acbe/config [none]
[debug] [2025-10-14T01:34:55.940Z] <<< [apiv2][status] GET https://firebase.googleapis.com/v1beta1/projects/timetracker-f1e11/webApps/1:470557940763:web:6de43b02b5ba42fe46acbe/config 200
[debug] [2025-10-14T01:34:55.940Z] <<< [apiv2][body] GET https://firebase.googleapis.com/v1beta1/projects/timetracker-f1e11/webApps/1:470557940763:web:6de43b02b5ba42fe46acbe/config {"projectId":"timetracker-f1e11","appId":"1:470557940763:web:6de43b02b5ba42fe46acbe","storageBucket":"timetracker-f1e11.firebasestorage.app","apiKey":"AIzaSyA1fdFsyaFlEEJKCpSU50bm78SeTrj9Ngc","authDomain":"timetracker-f1e11.firebaseapp.com","messagingSenderId":"470557940763","measurementId":"G-C83H28RLSY","projectNumber":"470557940763","version":"2"}
[debug] [2025-10-14T01:34:55.945Z] Checked if tokens are valid: true, expires at: 1760409290448
[debug] [2025-10-14T01:34:55.946Z] Checked if tokens are valid: true, expires at: 1760409290448
[debug] [2025-10-14T01:34:55.946Z] >>> [apiv2][query] GET https://firebase.googleapis.com/v1beta1/projects/timetracker-f1e11 [none]
[debug] [2025-10-14T01:34:56.265Z] <<< [apiv2][status] GET https://firebase.googleapis.com/v1beta1/projects/timetracker-f1e11 200
[debug] [2025-10-14T01:34:56.265Z] <<< [apiv2][body] GET https://firebase.googleapis.com/v1beta1/projects/timetracker-f1e11 {"projectId":"timetracker-f1e11","projectNumber":"470557940763","displayName":"TimeTracker","name":"projects/timetracker-f1e11","resources":{"hostingSite":"timetracker-f1e11"},"state":"ACTIVE","etag":"1_d7c410bf-0446-4326-a973-5ad1a8cb84d9"}
[info] i  hosting[timetracker-f1e11]: Serving hosting files from: public {"metadata":{"emulator":{"name":"hosting"},"message":"Serving hosting files from: \u001b[1mpublic\u001b[22m"}}
[info] +  hosting[timetracker-f1e11]: Local server: http://localhost:5000 {"metadata":{"emulator":{"name":"hosting"},"message":"Local server: \u001b[4m\u001b[1mhttp://localhost:5000\u001b[22m\u001b[24m"}}
[info] i  hosting: ::1 - - [14/Oct/2025:01:35:02 +0000] "GET / HTTP/1.1" 200 - "-" "Mozilla/5.0 (Windows NT 10.0; Win64; x64) AppleWebKit/537.36 (KHTML, like Gecko) Chrome/141.0.0.0 Safari/537.36" {"metadata":{"emulator":{"name":"hosting"},"message":"::1 - - [14/Oct/2025:01:35:02 +0000] \"GET / HTTP/1.1\" 200 - \"-\" \"Mozilla/5.0 (Windows NT 10.0; Win64; x64) AppleWebKit/537.36 (KHTML, like Gecko) Chrome/141.0.0.0 Safari/537.36\""}}
[info] i  hosting: ::1 - - [14/Oct/2025:01:35:03 +0000] "GET /favicon.ico HTTP/1.1" 200 - "http://localhost:5000/" "Mozilla/5.0 (Windows NT 10.0; Win64; x64) AppleWebKit/537.36 (KHTML, like Gecko) Chrome/141.0.0.0 Safari/537.36" {"metadata":{"emulator":{"name":"hosting"},"message":"::1 - - [14/Oct/2025:01:35:03 +0000] \"GET /favicon.ico HTTP/1.1\" 200 - \"http://localhost:5000/\" \"Mozilla/5.0 (Windows NT 10.0; Win64; x64) AppleWebKit/537.36 (KHTML, like Gecko) Chrome/141.0.0.0 Safari/537.36\""}}
[info] i  hosting: ::1 - - [14/Oct/2025:01:36:03 +0000] "GET /.well-known/appspecific/com.chrome.devtools.json HTTP/1.1" 404 187 "-" "Mozilla/5.0 (Windows NT 10.0; Win64; x64) AppleWebKit/537.36 (KHTML, like Gecko) Chrome/141.0.0.0 Safari/537.36" {"metadata":{"emulator":{"name":"hosting"},"message":"::1 - - [14/Oct/2025:01:36:03 +0000] \"GET /.well-known/appspecific/com.chrome.devtools.json HTTP/1.1\" 404 187 \"-\" \"Mozilla/5.0 (Windows NT 10.0; Win64; x64) AppleWebKit/537.36 (KHTML, like Gecko) Chrome/141.0.0.0 Safari/537.36\""}}
